mode: count
github.com/fhermeni/wints/sqlstore/student.go:25.63,28.16 3 7
github.com/fhermeni/wints/sqlstore/student.go:31.2,32.18 2 7
github.com/fhermeni/wints/sqlstore/student.go:35.2,35.26 1 7
github.com/fhermeni/wints/sqlstore/student.go:28.16,30.3 1 0
github.com/fhermeni/wints/sqlstore/student.go:32.18,34.3 1 0
github.com/fhermeni/wints/sqlstore/student.go:38.58,68.19 10 13
github.com/fhermeni/wints/sqlstore/student.go:77.2,77.15 1 13
github.com/fhermeni/wints/sqlstore/student.go:68.19,74.3 5 2
github.com/fhermeni/wints/sqlstore/student.go:74.3,76.3 1 11
github.com/fhermeni/wints/sqlstore/student.go:81.53,85.16 3 3
github.com/fhermeni/wints/sqlstore/student.go:88.2,89.18 2 3
github.com/fhermeni/wints/sqlstore/student.go:96.2,96.22 1 3
github.com/fhermeni/wints/sqlstore/student.go:85.16,87.3 1 0
github.com/fhermeni/wints/sqlstore/student.go:89.18,91.17 2 6
github.com/fhermeni/wints/sqlstore/student.go:94.3,94.33 1 6
github.com/fhermeni/wints/sqlstore/student.go:91.17,93.4 1 0
github.com/fhermeni/wints/sqlstore/student.go:102.87,103.33 1 9
github.com/fhermeni/wints/sqlstore/student.go:106.2,106.41 1 9
github.com/fhermeni/wints/sqlstore/student.go:109.2,116.18 5 9
github.com/fhermeni/wints/sqlstore/student.go:103.33,105.3 1 0
github.com/fhermeni/wints/sqlstore/student.go:106.41,108.3 1 0
github.com/fhermeni/wints/sqlstore/student.go:120.63,122.2 1 1
github.com/fhermeni/wints/sqlstore/student.go:125.51,126.33 1 2
github.com/fhermeni/wints/sqlstore/student.go:129.2,129.71 1 1
github.com/fhermeni/wints/sqlstore/student.go:126.33,128.3 1 1
github.com/fhermeni/wints/sqlstore/student.go:133.47,134.29 1 2
github.com/fhermeni/wints/sqlstore/student.go:137.2,137.67 1 1
github.com/fhermeni/wints/sqlstore/student.go:134.29,136.3 1 1
github.com/fhermeni/wints/sqlstore/student.go:141.51,143.2 1 1
github.com/fhermeni/wints/sqlstore/student.go:145.66,146.39 1 2
github.com/fhermeni/wints/sqlstore/student.go:149.2,149.130 1 1
github.com/fhermeni/wints/sqlstore/student.go:146.39,148.3 1 1
github.com/fhermeni/wints/sqlstore/user.go:35.51,44.2 1 9
github.com/fhermeni/wints/sqlstore/user.go:47.39,49.2 1 2
github.com/fhermeni/wints/sqlstore/user.go:51.51,66.2 7 11
github.com/fhermeni/wints/sqlstore/user.go:69.57,72.16 3 10
github.com/fhermeni/wints/sqlstore/user.go:75.2,76.18 2 10
github.com/fhermeni/wints/sqlstore/user.go:79.2,79.23 1 8
github.com/fhermeni/wints/sqlstore/user.go:72.16,74.3 1 0
github.com/fhermeni/wints/sqlstore/user.go:76.18,78.3 1 2
github.com/fhermeni/wints/sqlstore/user.go:83.48,87.16 4 2
github.com/fhermeni/wints/sqlstore/user.go:90.2,91.18 2 2
github.com/fhermeni/wints/sqlstore/user.go:98.2,98.19 1 2
github.com/fhermeni/wints/sqlstore/user.go:87.16,89.3 1 0
github.com/fhermeni/wints/sqlstore/user.go:91.18,93.17 2 3
github.com/fhermeni/wints/sqlstore/user.go:96.3,96.27 1 3
github.com/fhermeni/wints/sqlstore/user.go:93.17,95.4 1 0
github.com/fhermeni/wints/sqlstore/user.go:102.54,104.2 1 1
github.com/fhermeni/wints/sqlstore/user.go:107.67,109.2 1 2
github.com/fhermeni/wints/sqlstore/user.go:112.61,120.2 5 3
github.com/fhermeni/wints/sqlstore/user.go:124.65,125.19 1 5
github.com/fhermeni/wints/sqlstore/user.go:128.2,129.16 2 4
github.com/fhermeni/wints/sqlstore/user.go:133.2,140.30 7 4
github.com/fhermeni/wints/sqlstore/user.go:143.2,143.25 1 4
github.com/fhermeni/wints/sqlstore/user.go:125.19,127.3 1 1
github.com/fhermeni/wints/sqlstore/user.go:129.16,131.3 1 0
github.com/fhermeni/wints/sqlstore/user.go:140.30,142.3 1 0
github.com/fhermeni/wints/sqlstore/user.go:148.76,149.37 1 13
github.com/fhermeni/wints/sqlstore/user.go:152.2,155.13 4 12
github.com/fhermeni/wints/sqlstore/user.go:158.2,159.25 2 12
github.com/fhermeni/wints/sqlstore/user.go:149.37,151.3 1 1
github.com/fhermeni/wints/sqlstore/user.go:155.13,157.3 1 0
github.com/fhermeni/wints/sqlstore/user.go:163.44,165.2 1 3
github.com/fhermeni/wints/sqlstore/user.go:167.49,169.2 1 0
github.com/fhermeni/wints/sqlstore/user.go:172.56,178.2 5 0
github.com/fhermeni/wints/sqlstore/stmterr.go:15.50,16.18 1 14
github.com/fhermeni/wints/sqlstore/stmterr.go:19.2,19.28 1 14
github.com/fhermeni/wints/sqlstore/stmterr.go:16.18,18.3 1 0
github.com/fhermeni/wints/sqlstore/stmterr.go:22.66,23.19 1 34
github.com/fhermeni/wints/sqlstore/stmterr.go:26.2,26.28 1 34
github.com/fhermeni/wints/sqlstore/stmterr.go:23.19,25.3 1 0
github.com/fhermeni/wints/sqlstore/stmterr.go:29.66,30.19 1 57
github.com/fhermeni/wints/sqlstore/stmterr.go:33.2,33.29 1 57
github.com/fhermeni/wints/sqlstore/stmterr.go:30.19,32.3 1 0
github.com/fhermeni/wints/sqlstore/stmterr.go:36.58,37.19 1 7
github.com/fhermeni/wints/sqlstore/stmterr.go:40.2,40.39 1 0
github.com/fhermeni/wints/sqlstore/stmterr.go:37.19,39.3 1 7
github.com/fhermeni/wints/sqlstore/stmterr.go:43.28,45.2 1 0
github.com/fhermeni/wints/sqlstore/report.go:22.70,26.16 4 5
github.com/fhermeni/wints/sqlstore/report.go:29.2,30.18 2 5
github.com/fhermeni/wints/sqlstore/report.go:43.2,43.17 1 5
github.com/fhermeni/wints/sqlstore/report.go:26.16,28.3 1 0
github.com/fhermeni/wints/sqlstore/report.go:30.18,32.46 2 5
github.com/fhermeni/wints/sqlstore/report.go:36.3,36.40 1 5
github.com/fhermeni/wints/sqlstore/report.go:32.46,34.4 1 0
github.com/fhermeni/wints/sqlstore/report.go:36.40,37.26 1 5
github.com/fhermeni/wints/sqlstore/report.go:37.26,39.10 2 5
github.com/fhermeni/wints/sqlstore/report.go:47.62,61.16 6 13
github.com/fhermeni/wints/sqlstore/report.go:64.2,64.19 1 13
github.com/fhermeni/wints/sqlstore/report.go:67.2,70.17 4 13
github.com/fhermeni/wints/sqlstore/report.go:73.2,73.33 1 13
github.com/fhermeni/wints/sqlstore/report.go:61.16,63.3 1 0
github.com/fhermeni/wints/sqlstore/report.go:64.19,66.3 1 3
github.com/fhermeni/wints/sqlstore/report.go:70.17,72.3 1 3
github.com/fhermeni/wints/sqlstore/report.go:77.70,82.16 4 10
github.com/fhermeni/wints/sqlstore/report.go:85.2,86.18 2 10
github.com/fhermeni/wints/sqlstore/report.go:89.2,89.25 1 8
github.com/fhermeni/wints/sqlstore/report.go:82.16,84.3 1 0
github.com/fhermeni/wints/sqlstore/report.go:86.18,88.3 1 2
github.com/fhermeni/wints/sqlstore/report.go:93.67,98.2 4 0
github.com/fhermeni/wints/sqlstore/report.go:102.85,106.16 3 4
github.com/fhermeni/wints/sqlstore/report.go:109.2,109.23 1 4
github.com/fhermeni/wints/sqlstore/report.go:113.2,113.49 1 3
github.com/fhermeni/wints/sqlstore/report.go:117.2,117.90 1 2
github.com/fhermeni/wints/sqlstore/report.go:106.16,108.3 1 0
github.com/fhermeni/wints/sqlstore/report.go:109.23,112.3 1 1
github.com/fhermeni/wints/sqlstore/report.go:113.49,116.3 1 1
github.com/fhermeni/wints/sqlstore/report.go:121.94,122.21 1 5
github.com/fhermeni/wints/sqlstore/report.go:125.2,126.93 2 3
github.com/fhermeni/wints/sqlstore/report.go:122.21,124.3 1 2
github.com/fhermeni/wints/sqlstore/report.go:130.74,133.2 2 2
github.com/fhermeni/wints/sqlstore/report.go:136.68,138.2 1 1
github.com/fhermeni/wints/sqlstore/session.go:18.63,24.2 5 2
github.com/fhermeni/wints/sqlstore/session.go:27.105,37.19 6 3
github.com/fhermeni/wints/sqlstore/session.go:40.2,40.67 1 2
github.com/fhermeni/wints/sqlstore/session.go:43.2,45.30 3 2
github.com/fhermeni/wints/sqlstore/session.go:48.2,48.22 1 2
github.com/fhermeni/wints/sqlstore/session.go:37.19,39.3 1 1
github.com/fhermeni/wints/sqlstore/session.go:40.67,42.3 1 1
github.com/fhermeni/wints/sqlstore/session.go:45.30,47.3 1 0
github.com/fhermeni/wints/sqlstore/session.go:52.47,54.2 1 3
github.com/fhermeni/wints/sqlstore/store.go:24.69,32.2 2 1
github.com/fhermeni/wints/sqlstore/store.go:35.33,38.2 2 4
github.com/fhermeni/wints/sqlstore/store.go:40.41,42.9 2 98
github.com/fhermeni/wints/sqlstore/store.go:49.2,49.11 1 98
github.com/fhermeni/wints/sqlstore/store.go:42.9,48.3 5 31
github.com/fhermeni/wints/sqlstore/store.go:53.86,56.16 3 34
github.com/fhermeni/wints/sqlstore/store.go:59.2,60.16 2 32
github.com/fhermeni/wints/sqlstore/store.go:63.2,63.13 1 32
github.com/fhermeni/wints/sqlstore/store.go:66.2,66.12 1 22
github.com/fhermeni/wints/sqlstore/store.go:56.16,58.3 1 2
github.com/fhermeni/wints/sqlstore/store.go:60.16,62.3 1 0
github.com/fhermeni/wints/sqlstore/store.go:63.13,65.3 1 10
github.com/fhermeni/wints/sqlstore/store.go:69.32,73.26 4 82
github.com/fhermeni/wints/sqlstore/store.go:76.2,76.14 1 82
github.com/fhermeni/wints/sqlstore/store.go:73.26,75.3 1 1888
github.com/fhermeni/wints/sqlstore/store.go:79.45,80.13 1 62
github.com/fhermeni/wints/sqlstore/store.go:84.2,84.12 1 50
github.com/fhermeni/wints/sqlstore/store.go:80.13,83.3 2 12
github.com/fhermeni/wints/sqlstore/store.go:87.48,88.13 1 0
github.com/fhermeni/wints/sqlstore/store.go:91.2,91.12 1 0
github.com/fhermeni/wints/sqlstore/store.go:88.13,90.3 1 0
github.com/fhermeni/wints/sqlstore/store.go:94.46,95.13 1 4
github.com/fhermeni/wints/sqlstore/store.go:98.2,98.11 1 0
github.com/fhermeni/wints/sqlstore/store.go:95.13,97.3 1 4
github.com/fhermeni/wints/sqlstore/store.go:101.50,102.13 1 6
github.com/fhermeni/wints/sqlstore/store.go:105.2,105.12 1 0
github.com/fhermeni/wints/sqlstore/store.go:102.13,104.3 1 6
github.com/fhermeni/wints/sqlstore/store.go:108.44,109.26 1 9
github.com/fhermeni/wints/sqlstore/store.go:112.2,112.12 1 5
github.com/fhermeni/wints/sqlstore/store.go:109.26,111.3 1 4
github.com/fhermeni/wints/sqlstore/store.go:115.38,116.16 1 65
github.com/fhermeni/wints/sqlstore/store.go:119.2,119.34 1 10
github.com/fhermeni/wints/sqlstore/store.go:135.2,135.12 1 6
github.com/fhermeni/wints/sqlstore/store.go:116.16,118.3 1 55
github.com/fhermeni/wints/sqlstore/store.go:119.34,120.23 1 4
github.com/fhermeni/wints/sqlstore/store.go:121.3,122.31 1 1
github.com/fhermeni/wints/sqlstore/store.go:123.3,124.32 1 1
github.com/fhermeni/wints/sqlstore/store.go:125.3,126.34 1 0
github.com/fhermeni/wints/sqlstore/store.go:127.3,128.37 1 0
github.com/fhermeni/wints/sqlstore/store.go:129.3,130.35 1 0
github.com/fhermeni/wints/sqlstore/store.go:131.3,132.33 1 2
github.com/fhermeni/wints/sqlstore/survey.go:20.76,23.16 3 6
github.com/fhermeni/wints/sqlstore/survey.go:26.2,27.18 2 6
github.com/fhermeni/wints/sqlstore/survey.go:30.2,30.25 1 4
github.com/fhermeni/wints/sqlstore/survey.go:23.16,25.3 1 0
github.com/fhermeni/wints/sqlstore/survey.go:27.18,29.3 1 2
github.com/fhermeni/wints/sqlstore/survey.go:33.62,44.16 5 12
github.com/fhermeni/wints/sqlstore/survey.go:47.2,49.20 3 12
github.com/fhermeni/wints/sqlstore/survey.go:44.16,46.3 1 0
github.com/fhermeni/wints/sqlstore/survey.go:53.72,57.16 4 6
github.com/fhermeni/wints/sqlstore/survey.go:60.2,61.18 2 6
github.com/fhermeni/wints/sqlstore/survey.go:68.2,68.17 1 6
github.com/fhermeni/wints/sqlstore/survey.go:57.16,59.3 1 0
github.com/fhermeni/wints/sqlstore/survey.go:61.18,63.17 2 6
github.com/fhermeni/wints/sqlstore/survey.go:66.3,66.23 1 6
github.com/fhermeni/wints/sqlstore/survey.go:63.17,65.4 1 0
github.com/fhermeni/wints/sqlstore/survey.go:72.75,75.16 3 4
github.com/fhermeni/wints/sqlstore/survey.go:78.2,79.18 2 4
github.com/fhermeni/wints/sqlstore/survey.go:82.2,82.25 1 2
github.com/fhermeni/wints/sqlstore/survey.go:75.16,77.3 1 0
github.com/fhermeni/wints/sqlstore/survey.go:79.18,81.3 1 2
github.com/fhermeni/wints/sqlstore/survey.go:86.79,89.16 3 4
github.com/fhermeni/wints/sqlstore/survey.go:92.2,92.24 1 3
github.com/fhermeni/wints/sqlstore/survey.go:95.2,95.91 1 2
github.com/fhermeni/wints/sqlstore/survey.go:89.16,91.3 1 1
github.com/fhermeni/wints/sqlstore/survey.go:92.24,94.3 1 1
github.com/fhermeni/wints/sqlstore/survey.go:98.64,100.2 1 1
github.com/fhermeni/wints/sqlstore/txerr.go:13.33,16.2 2 36
github.com/fhermeni/wints/sqlstore/txerr.go:20.30,21.18 1 36
github.com/fhermeni/wints/sqlstore/txerr.go:32.2,32.38 1 30
github.com/fhermeni/wints/sqlstore/txerr.go:21.18,22.18 1 6
github.com/fhermeni/wints/sqlstore/txerr.go:26.3,26.37 1 6
github.com/fhermeni/wints/sqlstore/txerr.go:29.3,29.31 1 6
github.com/fhermeni/wints/sqlstore/txerr.go:22.18,25.4 1 0
github.com/fhermeni/wints/sqlstore/txerr.go:26.37,28.4 1 0
github.com/fhermeni/wints/sqlstore/txerr.go:36.57,37.18 1 54
github.com/fhermeni/wints/sqlstore/txerr.go:40.2,40.53 1 52
github.com/fhermeni/wints/sqlstore/txerr.go:37.18,39.3 1 2
github.com/fhermeni/wints/sqlstore/txerr.go:40.53,42.3 1 1
github.com/fhermeni/wints/sqlstore/txerr.go:46.69,47.18 1 7
github.com/fhermeni/wints/sqlstore/txerr.go:50.2,50.38 1 0
github.com/fhermeni/wints/sqlstore/txerr.go:47.18,49.3 1 7
github.com/fhermeni/wints/sqlstore/txerr.go:55.65,56.18 1 31
github.com/fhermeni/wints/sqlstore/txerr.go:59.2,60.16 2 26
github.com/fhermeni/wints/sqlstore/txerr.go:64.2,65.16 2 25
github.com/fhermeni/wints/sqlstore/txerr.go:69.2,69.11 1 25
github.com/fhermeni/wints/sqlstore/txerr.go:56.18,58.3 1 5
github.com/fhermeni/wints/sqlstore/txerr.go:60.16,63.3 2 1
github.com/fhermeni/wints/sqlstore/txerr.go:65.16,68.3 2 0
github.com/fhermeni/wints/sqlstore/convention.go:42.66,44.2 1 2
github.com/fhermeni/wints/sqlstore/convention.go:47.54,49.35 2 3
github.com/fhermeni/wints/sqlstore/convention.go:53.2,53.12 1 2
github.com/fhermeni/wints/sqlstore/convention.go:49.35,52.3 1 1
github.com/fhermeni/wints/sqlstore/convention.go:57.64,59.2 1 2
github.com/fhermeni/wints/sqlstore/convention.go:61.87,65.26 2 5
github.com/fhermeni/wints/sqlstore/convention.go:69.2,78.44 7 5
github.com/fhermeni/wints/sqlstore/convention.go:88.2,89.44 2 5
github.com/fhermeni/wints/sqlstore/convention.go:101.2,102.16 2 5
github.com/fhermeni/wints/sqlstore/convention.go:106.2,107.16 2 5
github.com/fhermeni/wints/sqlstore/convention.go:111.2,113.28 3 5
github.com/fhermeni/wints/sqlstore/convention.go:65.26,67.3 1 0
github.com/fhermeni/wints/sqlstore/convention.go:78.44,86.3 2 5
github.com/fhermeni/wints/sqlstore/convention.go:89.44,97.3 3 5
github.com/fhermeni/wints/sqlstore/convention.go:102.16,105.3 2 0
github.com/fhermeni/wints/sqlstore/convention.go:107.16,110.3 2 0
github.com/fhermeni/wints/sqlstore/convention.go:117.71,120.16 3 1
github.com/fhermeni/wints/sqlstore/convention.go:123.2,124.18 2 1
github.com/fhermeni/wints/sqlstore/convention.go:127.2,127.29 1 1
github.com/fhermeni/wints/sqlstore/convention.go:120.16,122.3 1 0
github.com/fhermeni/wints/sqlstore/convention.go:124.18,126.3 1 0
github.com/fhermeni/wints/sqlstore/convention.go:131.60,135.16 4 3
github.com/fhermeni/wints/sqlstore/convention.go:138.2,139.18 2 3
github.com/fhermeni/wints/sqlstore/convention.go:146.2,146.25 1 3
github.com/fhermeni/wints/sqlstore/convention.go:135.16,137.3 1 0
github.com/fhermeni/wints/sqlstore/convention.go:139.18,141.17 2 4
github.com/fhermeni/wints/sqlstore/convention.go:144.3,144.39 1 4
github.com/fhermeni/wints/sqlstore/convention.go:141.17,143.4 1 0
github.com/fhermeni/wints/sqlstore/convention.go:150.59,153.16 3 2
github.com/fhermeni/wints/sqlstore/convention.go:156.2,156.32 1 2
github.com/fhermeni/wints/sqlstore/convention.go:163.2,163.17 1 2
github.com/fhermeni/wints/sqlstore/convention.go:153.16,155.3 1 0
github.com/fhermeni/wints/sqlstore/convention.go:156.32,158.17 2 2
github.com/fhermeni/wints/sqlstore/convention.go:161.3,161.23 1 2
github.com/fhermeni/wints/sqlstore/convention.go:158.17,160.4 1 0
github.com/fhermeni/wints/sqlstore/convention.go:167.71,171.16 4 3
github.com/fhermeni/wints/sqlstore/convention.go:174.2,175.18 2 3
github.com/fhermeni/wints/sqlstore/convention.go:178.2,179.16 2 3
github.com/fhermeni/wints/sqlstore/convention.go:182.2,182.26 1 3
github.com/fhermeni/wints/sqlstore/convention.go:171.16,173.3 1 0
github.com/fhermeni/wints/sqlstore/convention.go:175.18,177.3 1 0
github.com/fhermeni/wints/sqlstore/convention.go:179.16,181.3 1 0
github.com/fhermeni/wints/sqlstore/convention.go:185.78,188.16 3 5
github.com/fhermeni/wints/sqlstore/convention.go:191.2,192.16 2 5
github.com/fhermeni/wints/sqlstore/convention.go:195.2,196.16 2 5
github.com/fhermeni/wints/sqlstore/convention.go:199.2,199.88 1 5
github.com/fhermeni/wints/sqlstore/convention.go:188.16,190.3 1 0
github.com/fhermeni/wints/sqlstore/convention.go:192.16,194.3 1 0
github.com/fhermeni/wints/sqlstore/convention.go:196.16,198.3 1 0
github.com/fhermeni/wints/sqlstore/convention.go:202.64,261.25 11 8
github.com/fhermeni/wints/sqlstore/convention.go:271.2,271.15 1 8
github.com/fhermeni/wints/sqlstore/convention.go:261.25,263.3 1 8
github.com/fhermeni/wints/sqlstore/convention.go:263.3,270.3 5 0
github.com/fhermeni/wints/sqlstore/defense.go:17.71,19.2 1 0
github.com/fhermeni/wints/sqlstore/defense.go:22.70,24.2 1 0
github.com/fhermeni/wints/sqlstore/defense.go:27.62,28.21 1 0
github.com/fhermeni/wints/sqlstore/defense.go:31.2,31.81 1 0
github.com/fhermeni/wints/sqlstore/defense.go:28.21,30.3 1 0
github.com/fhermeni/wints/sqlstore/defense.go:35.65,45.26 4 5
github.com/fhermeni/wints/sqlstore/defense.go:48.2,48.15 1 5
github.com/fhermeni/wints/sqlstore/defense.go:45.26,47.3 1 0
github.com/fhermeni/wints/sqlstore/defense.go:52.68,55.2 2 0
